ARM GAS  /tmp/ccUQdISo.s 			page 1


   1              		.cpu cortex-m4
   2              		.arch armv7e-m
   3              		.fpu fpv4-sp-d16
   4              		.eabi_attribute 27, 1
   5              		.eabi_attribute 28, 1
   6              		.eabi_attribute 20, 1
   7              		.eabi_attribute 21, 1
   8              		.eabi_attribute 23, 3
   9              		.eabi_attribute 24, 1
  10              		.eabi_attribute 25, 1
  11              		.eabi_attribute 26, 1
  12              		.eabi_attribute 30, 1
  13              		.eabi_attribute 34, 1
  14              		.eabi_attribute 18, 4
  15              		.file	"led.c"
  16              		.text
  17              	.Ltext0:
  18              		.cfi_sections	.debug_frame
  19              		.file 1 "BSP/led/led.c"
  20              		.section	.text.led_blink,"ax",%progbits
  21              		.align	1
  22              		.global	led_blink
  23              		.syntax unified
  24              		.thumb
  25              		.thumb_func
  27              	led_blink:
  28              	.LVL0:
  29              	.LFB137:
   1:BSP/led/led.c **** #include "led.h"
   2:BSP/led/led.c **** 
   3:BSP/led/led.c **** void led_blink(int time_ms){
  30              		.loc 1 3 28 view -0
  31              		.cfi_startproc
  32              		@ args = 0, pretend = 0, frame = 0
  33              		@ frame_needed = 0, uses_anonymous_args = 0
  34              		.loc 1 3 28 is_stmt 0 view .LVU1
  35 0000 10B5     		push	{r4, lr}
  36              	.LCFI0:
  37              		.cfi_def_cfa_offset 8
  38              		.cfi_offset 4, -8
  39              		.cfi_offset 14, -4
  40 0002 0446     		mov	r4, r0
   4:BSP/led/led.c ****     LED1_TOGGLE();
  41              		.loc 1 4 5 is_stmt 1 view .LVU2
  42 0004 2021     		movs	r1, #32
  43 0006 0348     		ldr	r0, .L3
  44              	.LVL1:
  45              		.loc 1 4 5 is_stmt 0 view .LVU3
  46 0008 FFF7FEFF 		bl	HAL_GPIO_TogglePin
  47              	.LVL2:
   5:BSP/led/led.c ****     HAL_Delay(time_ms);
  48              		.loc 1 5 5 is_stmt 1 view .LVU4
  49 000c 2046     		mov	r0, r4
  50 000e FFF7FEFF 		bl	HAL_Delay
  51              	.LVL3:
   6:BSP/led/led.c **** }...
  52              		.loc 1 6 1 is_stmt 0 view .LVU5
ARM GAS  /tmp/ccUQdISo.s 			page 2


  53 0012 10BD     		pop	{r4, pc}
  54              	.LVL4:
  55              	.L4:
  56              		.loc 1 6 1 view .LVU6
  57              		.align	2
  58              	.L3:
  59 0014 00080240 		.word	1073874944
  60              		.cfi_endproc
  61              	.LFE137:
  63              		.text
  64              	.Letext0:
  65              		.file 2 "/usr/lib/gcc/arm-none-eabi/13.2.1/include/stdint.h"
  66              		.file 3 "Drivers/CMSIS/Device/ST/STM32F4xx/Include/stm32f407xx.h"
  67              		.file 4 "Drivers/STM32F4xx_HAL_Driver/Inc/stm32f4xx_hal.h"
  68              		.file 5 "Drivers/STM32F4xx_HAL_Driver/Inc/stm32f4xx_hal_gpio.h"
ARM GAS  /tmp/ccUQdISo.s 			page 3


DEFINED SYMBOLS
                            *ABS*:00000000 led.c
     /tmp/ccUQdISo.s:21     .text.led_blink:00000000 $t
     /tmp/ccUQdISo.s:27     .text.led_blink:00000000 led_blink
     /tmp/ccUQdISo.s:59     .text.led_blink:00000014 $d

UNDEFINED SYMBOLS
HAL_GPIO_TogglePin
HAL_Delay
